  CAddDlg.cpp
D:\code\VSQtproject\StuInfoMgSys\StuInfoMgSys\CAddDlg.cpp(1,1): warning C4828: The file contains a character starting at offset 0xfa8 that is illegal in the current source character set (codepage 65001).
D:\code\VSQtproject\StuInfoMgSys\StuInfoMgSys\CAddDlg.cpp(1,1): warning C4828: The file contains a character starting at offset 0xfa9 that is illegal in the current source character set (codepage 65001).
D:\code\VSQtproject\StuInfoMgSys\StuInfoMgSys\CAddDlg.cpp(1,1): warning C4828: The file contains a character starting at offset 0xfab that is illegal in the current source character set (codepage 65001).
D:\code\VSQtproject\StuInfoMgSys\StuInfoMgSys\CAddDlg.cpp(1,1): warning C4828: The file contains a character starting at offset 0xfad that is illegal in the current source character set (codepage 65001).
D:\code\VSQtproject\StuInfoMgSys\StuInfoMgSys\CAddDlg.cpp(1,1): warning C4828: The file contains a character starting at offset 0xfaf that is illegal in the current source character set (codepage 65001).
D:\code\VSQtproject\StuInfoMgSys\StuInfoMgSys\CAddDlg.cpp(1,1): warning C4828: The file contains a character starting at offset 0xfb0 that is illegal in the current source character set (codepage 65001).
D:\code\VSQtproject\StuInfoMgSys\StuInfoMgSys\CAddDlg.cpp(1,1): warning C4828: The file contains a character starting at offset 0xfb1 that is illegal in the current source character set (codepage 65001).
D:\code\VSQtproject\StuInfoMgSys\StuInfoMgSys\CAddDlg.cpp(1,1): warning C4828: The file contains a character starting at offset 0xfb7 that is illegal in the current source character set (codepage 65001).
D:\code\VSQtproject\StuInfoMgSys\StuInfoMgSys\CAddDlg.cpp(1,1): warning C4828: The file contains a character starting at offset 0xfb8 that is illegal in the current source character set (codepage 65001).
D:\code\VSQtproject\StuInfoMgSys\StuInfoMgSys\CAddDlg.cpp(1,1): warning C4828: The file contains a character starting at offset 0xfba that is illegal in the current source character set (codepage 65001).
D:\code\VSQtproject\StuInfoMgSys\StuInfoMgSys\CAddDlg.cpp(1,1): warning C4828: The file contains a character starting at offset 0xfbb that is illegal in the current source character set (codepage 65001).
D:\code\VSQtproject\StuInfoMgSys\StuInfoMgSys\CAddDlg.cpp(1,1): warning C4828: The file contains a character starting at offset 0xfd0 that is illegal in the current source character set (codepage 65001).
D:\code\VSQtproject\StuInfoMgSys\StuInfoMgSys\CAddDlg.cpp(1,1): warning C4828: The file contains a character starting at offset 0xfd1 that is illegal in the current source character set (codepage 65001).
D:\code\VSQtproject\StuInfoMgSys\StuInfoMgSys\CAddDlg.cpp(1,1): warning C4828: The file contains a character starting at offset 0xfd2 that is illegal in the current source character set (codepage 65001).
D:\code\VSQtproject\StuInfoMgSys\StuInfoMgSys\CAddDlg.cpp(1,1): warning C4828: The file contains a character starting at offset 0xfd6 that is illegal in the current source character set (codepage 65001).
D:\code\VSQtproject\StuInfoMgSys\StuInfoMgSys\CAddDlg.cpp(1,1): warning C4828: The file contains a character starting at offset 0xfd8 that is illegal in the current source character set (codepage 65001).
D:\code\VSQtproject\StuInfoMgSys\StuInfoMgSys\CAddDlg.cpp(1,1): warning C4828: The file contains a character starting at offset 0xfd9 that is illegal in the current source character set (codepage 65001).
D:\code\VSQtproject\StuInfoMgSys\StuInfoMgSys\CAddDlg.cpp(1,1): warning C4828: The file contains a character starting at offset 0xfda that is illegal in the current source character set (codepage 65001).
D:\code\VSQtproject\StuInfoMgSys\StuInfoMgSys\CAddDlg.cpp(1,1): warning C4828: The file contains a character starting at offset 0xfe0 that is illegal in the current source character set (codepage 65001).
D:\code\VSQtproject\StuInfoMgSys\StuInfoMgSys\CAddDlg.cpp(1,1): warning C4828: The file contains a character starting at offset 0xfe3 that is illegal in the current source character set (codepage 65001).
D:\code\VSQtproject\StuInfoMgSys\StuInfoMgSys\CAddDlg.cpp(1,1): warning C4828: The file contains a character starting at offset 0xfe6 that is illegal in the current source character set (codepage 65001).
D:\code\VSQtproject\StuInfoMgSys\StuInfoMgSys\CAddDlg.cpp(1,1): warning C4828: The file contains a character starting at offset 0xfe7 that is illegal in the current source character set (codepage 65001).
D:\code\VSQtproject\StuInfoMgSys\StuInfoMgSys\CAddDlg.cpp(1,1): warning C4828: The file contains a character starting at offset 0xffe that is illegal in the current source character set (codepage 65001).
D:\code\VSQtproject\StuInfoMgSys\StuInfoMgSys\CAddDlg.cpp(1,1): warning C4828: The file contains a character starting at offset 0xfff that is illegal in the current source character set (codepage 65001).
D:\code\VSQtproject\StuInfoMgSys\StuInfoMgSys\CAddDlg.cpp(1,1): warning C4828: The file contains a character starting at offset 0x1000 that is illegal in the current source character set (codepage 65001).
D:\code\VSQtproject\StuInfoMgSys\StuInfoMgSys\CAddDlg.cpp(1,1): warning C4828: The file contains a character starting at offset 0x1001 that is illegal in the current source character set (codepage 65001).
D:\code\VSQtproject\StuInfoMgSys\StuInfoMgSys\CAddDlg.cpp(1,1): warning C4828: The file contains a character starting at offset 0x1004 that is illegal in the current source character set (codepage 65001).
D:\code\VSQtproject\StuInfoMgSys\StuInfoMgSys\CAddDlg.cpp(1,1): warning C4828: The file contains a character starting at offset 0x1006 that is illegal in the current source character set (codepage 65001).
D:\code\VSQtproject\StuInfoMgSys\StuInfoMgSys\CAddDlg.cpp(1,1): warning C4828: The file contains a character starting at offset 0x100b that is illegal in the current source character set (codepage 65001).
D:\code\VSQtproject\StuInfoMgSys\StuInfoMgSys\CAddDlg.cpp(1,1): warning C4828: The file contains a character starting at offset 0x100d that is illegal in the current source character set (codepage 65001).
D:\code\VSQtproject\StuInfoMgSys\StuInfoMgSys\CAddDlg.cpp(1,1): warning C4828: The file contains a character starting at offset 0x1011 that is illegal in the current source character set (codepage 65001).
D:\code\VSQtproject\StuInfoMgSys\StuInfoMgSys\CAddDlg.cpp(1,1): warning C4828: The file contains a character starting at offset 0x1012 that is illegal in the current source character set (codepage 65001).
D:\code\VSQtproject\StuInfoMgSys\StuInfoMgSys\CAddDlg.cpp(1,1): warning C4828: The file contains a character starting at offset 0x1014 that is illegal in the current source character set (codepage 65001).
D:\code\VSQtproject\StuInfoMgSys\StuInfoMgSys\CAddDlg.cpp(1,1): warning C4828: The file contains a character starting at offset 0x1015 that is illegal in the current source character set (codepage 65001).
D:\code\VSQtproject\StuInfoMgSys\StuInfoMgSys\CAddDlg.cpp(1,1): warning C4828: The file contains a character starting at offset 0x1016 that is illegal in the current source character set (codepage 65001).
D:\code\VSQtproject\StuInfoMgSys\StuInfoMgSys\CAddDlg.cpp(1,1): warning C4828: The file contains a character starting at offset 0x1017 that is illegal in the current source character set (codepage 65001).
D:\code\VSQtproject\StuInfoMgSys\StuInfoMgSys\CAddDlg.cpp(1,1): warning C4828: The file contains a character starting at offset 0x1027 that is illegal in the current source character set (codepage 65001).
D:\code\VSQtproject\StuInfoMgSys\StuInfoMgSys\CAddDlg.cpp(1,1): warning C4828: The file contains a character starting at offset 0x1028 that is illegal in the current source character set (codepage 65001).
D:\code\VSQtproject\StuInfoMgSys\StuInfoMgSys\CAddDlg.cpp(1,1): warning C4828: The file contains a character starting at offset 0x1036 that is illegal in the current source character set (codepage 65001).
D:\code\VSQtproject\StuInfoMgSys\StuInfoMgSys\CAddDlg.cpp(1,1): warning C4828: The file contains a character starting at offset 0x1037 that is illegal in the current source character set (codepage 65001).
D:\code\VSQtproject\StuInfoMgSys\StuInfoMgSys\CAddDlg.cpp(1,1): warning C4828: The file contains a character starting at offset 0x103a that is illegal in the current source character set (codepage 65001).
D:\code\VSQtproject\StuInfoMgSys\StuInfoMgSys\CAddDlg.cpp(1,1): warning C4828: The file contains a character starting at offset 0x103b that is illegal in the current source character set (codepage 65001).
D:\code\VSQtproject\StuInfoMgSys\StuInfoMgSys\CAddDlg.cpp(1,1): warning C4828: The file contains a character starting at offset 0x103c that is illegal in the current source character set (codepage 65001).
D:\code\VSQtproject\StuInfoMgSys\StuInfoMgSys\CAddDlg.cpp(1,1): warning C4828: The file contains a character starting at offset 0x103d that is illegal in the current source character set (codepage 65001).
D:\code\VSQtproject\StuInfoMgSys\StuInfoMgSys\CAddDlg.cpp(1,1): warning C4828: The file contains a character starting at offset 0x103e that is illegal in the current source character set (codepage 65001).
D:\code\VSQtproject\StuInfoMgSys\StuInfoMgSys\CAddDlg.cpp(1,1): warning C4828: The file contains a character starting at offset 0x1042 that is illegal in the current source character set (codepage 65001).
D:\code\VSQtproject\StuInfoMgSys\StuInfoMgSys\CAddDlg.cpp(1,1): warning C4828: The file contains a character starting at offset 0x105a that is illegal in the current source character set (codepage 65001).
D:\code\VSQtproject\StuInfoMgSys\StuInfoMgSys\CAddDlg.cpp(1,1): warning C4828: The file contains a character starting at offset 0x105e that is illegal in the current source character set (codepage 65001).
D:\code\VSQtproject\StuInfoMgSys\StuInfoMgSys\CAddDlg.cpp(1,1): warning C4828: The file contains a character starting at offset 0x1063 that is illegal in the current source character set (codepage 65001).
D:\code\VSQtproject\StuInfoMgSys\StuInfoMgSys\CAddDlg.cpp(1,1): warning C4828: The file contains a character starting at offset 0x1066 that is illegal in the current source character set (codepage 65001).
D:\code\VSQtproject\StuInfoMgSys\StuInfoMgSys\CAddDlg.cpp(1,1): warning C4828: The file contains a character starting at offset 0x106b that is illegal in the current source character set (codepage 65001).
D:\code\VSQtproject\StuInfoMgSys\StuInfoMgSys\CAddDlg.cpp(1,1): warning C4828: The file contains a character starting at offset 0x106c that is illegal in the current source character set (codepage 65001).
D:\code\VSQtproject\StuInfoMgSys\StuInfoMgSys\CAddDlg.cpp(1,1): warning C4828: The file contains a character starting at offset 0x106e that is illegal in the current source character set (codepage 65001).
D:\code\VSQtproject\StuInfoMgSys\StuInfoMgSys\CAddDlg.cpp(1,1): warning C4828: The file contains a character starting at offset 0x1070 that is illegal in the current source character set (codepage 65001).
D:\code\VSQtproject\StuInfoMgSys\StuInfoMgSys\CAddDlg.cpp(1,1): warning C4828: The file contains a character starting at offset 0x1073 that is illegal in the current source character set (codepage 65001).
D:\code\VSQtproject\StuInfoMgSys\StuInfoMgSys\CAddDlg.cpp(1,1): warning C4828: The file contains a character starting at offset 0x1075 that is illegal in the current source character set (codepage 65001).
D:\code\VSQtproject\StuInfoMgSys\StuInfoMgSys\CAddDlg.cpp(1,1): warning C4828: The file contains a character starting at offset 0x1079 that is illegal in the current source character set (codepage 65001).
D:\code\VSQtproject\StuInfoMgSys\StuInfoMgSys\CAddDlg.cpp(1,1): warning C4828: The file contains a character starting at offset 0x107a that is illegal in the current source character set (codepage 65001).
D:\code\VSQtproject\StuInfoMgSys\StuInfoMgSys\CAddDlg.cpp(1,1): warning C4828: The file contains a character starting at offset 0x107b that is illegal in the current source character set (codepage 65001).
D:\code\VSQtproject\StuInfoMgSys\StuInfoMgSys\CAddDlg.cpp(1,1): warning C4828: The file contains a character starting at offset 0x107e that is illegal in the current source character set (codepage 65001).
D:\code\VSQtproject\StuInfoMgSys\StuInfoMgSys\CAddDlg.cpp(1,1): warning C4828: The file contains a character starting at offset 0x1081 that is illegal in the current source character set (codepage 65001).
D:\code\VSQtproject\StuInfoMgSys\StuInfoMgSys\CAddDlg.cpp(1,1): warning C4828: The file contains a character starting at offset 0x1082 that is illegal in the current source character set (codepage 65001).
D:\code\VSQtproject\StuInfoMgSys\StuInfoMgSys\CAddDlg.cpp(1,1): warning C4828: The file contains a character starting at offset 0x1084 that is illegal in the current source character set (codepage 65001).
D:\code\VSQtproject\StuInfoMgSys\StuInfoMgSys\CAddDlg.cpp(1,1): warning C4828: The file contains a character starting at offset 0x1085 that is illegal in the current source character set (codepage 65001).
D:\code\VSQtproject\StuInfoMgSys\StuInfoMgSys\CAddDlg.cpp(1,1): warning C4828: The file contains a character starting at offset 0x10ae that is illegal in the current source character set (codepage 65001).
D:\code\VSQtproject\StuInfoMgSys\StuInfoMgSys\CAddDlg.cpp(1,1): warning C4828: The file contains a character starting at offset 0x10b0 that is illegal in the current source character set (codepage 65001).
D:\code\VSQtproject\StuInfoMgSys\StuInfoMgSys\CAddDlg.cpp(1,1): warning C4828: The file contains a character starting at offset 0x10b1 that is illegal in the current source character set (codepage 65001).
D:\code\VSQtproject\StuInfoMgSys\StuInfoMgSys\CAddDlg.cpp(1,1): warning C4828: The file contains a character starting at offset 0x10b2 that is illegal in the current source character set (codepage 65001).
D:\code\VSQtproject\StuInfoMgSys\StuInfoMgSys\CAddDlg.cpp(1,1): warning C4828: The file contains a character starting at offset 0x10b4 that is illegal in the current source character set (codepage 65001).
D:\code\VSQtproject\StuInfoMgSys\StuInfoMgSys\CAddDlg.cpp(1,1): warning C4828: The file contains a character starting at offset 0x10b5 that is illegal in the current source character set (codepage 65001).
D:\code\VSQtproject\StuInfoMgSys\StuInfoMgSys\CAddDlg.cpp(1,1): warning C4828: The file contains a character starting at offset 0x10b9 that is illegal in the current source character set (codepage 65001).
D:\code\VSQtproject\StuInfoMgSys\StuInfoMgSys\CAddDlg.cpp(1,1): warning C4828: The file contains a character starting at offset 0x10bc that is illegal in the current source character set (codepage 65001).
D:\code\VSQtproject\StuInfoMgSys\StuInfoMgSys\CAddDlg.cpp(1,1): warning C4828: The file contains a character starting at offset 0x10be that is illegal in the current source character set (codepage 65001).
D:\code\VSQtproject\StuInfoMgSys\StuInfoMgSys\CAddDlg.cpp(1,1): warning C4828: The file contains a character starting at offset 0x10c3 that is illegal in the current source character set (codepage 65001).
D:\code\VSQtproject\StuInfoMgSys\StuInfoMgSys\CAddDlg.cpp(1,1): warning C4828: The file contains a character starting at offset 0x10c4 that is illegal in the current source character set (codepage 65001).
D:\code\VSQtproject\StuInfoMgSys\StuInfoMgSys\CAddDlg.cpp(1,1): warning C4828: The file contains a character starting at offset 0x10c5 that is illegal in the current source character set (codepage 65001).
D:\code\VSQtproject\StuInfoMgSys\StuInfoMgSys\CAddDlg.cpp(1,1): warning C4828: The file contains a character starting at offset 0x10c6 that is illegal in the current source character set (codepage 65001).
D:\code\VSQtproject\StuInfoMgSys\StuInfoMgSys\CAddDlg.cpp(1,1): warning C4828: The file contains a character starting at offset 0x10c7 that is illegal in the current source character set (codepage 65001).
D:\code\VSQtproject\StuInfoMgSys\StuInfoMgSys\CAddDlg.cpp(1,1): warning C4828: The file contains a character starting at offset 0x10cb that is illegal in the current source character set (codepage 65001).
D:\code\VSQtproject\StuInfoMgSys\StuInfoMgSys\CAddDlg.cpp(1,1): warning C4828: The file contains a character starting at offset 0x10cc that is illegal in the current source character set (codepage 65001).
D:\code\VSQtproject\StuInfoMgSys\StuInfoMgSys\CAddDlg.cpp(1,1): warning C4828: The file contains a character starting at offset 0x10cd that is illegal in the current source character set (codepage 65001).
D:\code\VSQtproject\StuInfoMgSys\StuInfoMgSys\CAddDlg.cpp(1,1): warning C4828: The file contains a character starting at offset 0x10d1 that is illegal in the current source character set (codepage 65001).
D:\code\VSQtproject\StuInfoMgSys\StuInfoMgSys\CAddDlg.cpp(1,1): warning C4828: The file contains a character starting at offset 0x10d2 that is illegal in the current source character set (codepage 65001).
D:\code\VSQtproject\StuInfoMgSys\StuInfoMgSys\CAddDlg.cpp(1,1): warning C4828: The file contains a character starting at offset 0x10d4 that is illegal in the current source character set (codepage 65001).
D:\code\VSQtproject\StuInfoMgSys\StuInfoMgSys\CAddDlg.cpp(1,1): warning C4828: The file contains a character starting at offset 0x10d5 that is illegal in the current source character set (codepage 65001).
D:\code\VSQtproject\StuInfoMgSys\StuInfoMgSys\CAddDlg.cpp(1,1): warning C4828: The file contains a character starting at offset 0x10fc that is illegal in the current source character set (codepage 65001).
D:\code\VSQtproject\StuInfoMgSys\StuInfoMgSys\CAddDlg.cpp(1,1): warning C4828: The file contains a character starting at offset 0x10fd that is illegal in the current source character set (codepage 65001).
D:\code\VSQtproject\StuInfoMgSys\StuInfoMgSys\CAddDlg.cpp(1,1): warning C4828: The file contains a character starting at offset 0x10fe that is illegal in the current source character set (codepage 65001).
D:\code\VSQtproject\StuInfoMgSys\StuInfoMgSys\CAddDlg.cpp(1,1): warning C4828: The file contains a character starting at offset 0x10ff that is illegal in the current source character set (codepage 65001).
D:\code\VSQtproject\StuInfoMgSys\StuInfoMgSys\CAddDlg.cpp(1,1): warning C4828: The file contains a character starting at offset 0x1104 that is illegal in the current source character set (codepage 65001).
D:\code\VSQtproject\StuInfoMgSys\StuInfoMgSys\CAddDlg.cpp(1,1): warning C4828: The file contains a character starting at offset 0x1106 that is illegal in the current source character set (codepage 65001).
D:\code\VSQtproject\StuInfoMgSys\StuInfoMgSys\CAddDlg.cpp(1,1): warning C4828: The file contains a character starting at offset 0x1107 that is illegal in the current source character set (codepage 65001).
D:\code\VSQtproject\StuInfoMgSys\StuInfoMgSys\CAddDlg.cpp(1,1): warning C4828: The file contains a character starting at offset 0x110b that is illegal in the current source character set (codepage 65001).
D:\code\VSQtproject\StuInfoMgSys\StuInfoMgSys\CAddDlg.cpp(1,1): warning C4828: The file contains a character starting at offset 0x110c that is illegal in the current source character set (codepage 65001).
D:\code\VSQtproject\StuInfoMgSys\StuInfoMgSys\CAddDlg.cpp(1,1): warning C4828: The file contains a character starting at offset 0x110d that is illegal in the current source character set (codepage 65001).
D:\code\VSQtproject\StuInfoMgSys\StuInfoMgSys\CAddDlg.cpp(1,1): warning C4828: The file contains a character starting at offset 0x1111 that is illegal in the current source character set (codepage 65001).
D:\code\VSQtproject\StuInfoMgSys\StuInfoMgSys\CAddDlg.cpp(1,1): warning C4828: The file contains a character starting at offset 0x1112 that is illegal in the current source character set (codepage 65001).
D:\code\VSQtproject\StuInfoMgSys\StuInfoMgSys\CAddDlg.cpp(1,1): warning C4828: The file contains a character starting at offset 0x1113 that is illegal in the current source character set (codepage 65001).
D:\code\VSQtproject\StuInfoMgSys\StuInfoMgSys\CAddDlg.cpp(1,1): warning C4828: The file contains a character starting at offset 0x1155 that is illegal in the current source character set (codepage 65001).
D:\code\VSQtproject\StuInfoMgSys\StuInfoMgSys\CAddDlg.cpp(1,1): warning C4828: The file contains a character starting at offset 0x1156 that is illegal in the current source character set (codepage 65001).
D:\code\VSQtproject\StuInfoMgSys\StuInfoMgSys\CAddDlg.cpp(1,1): warning C4828: The file contains a character starting at offset 0x115a that is illegal in the current source character set (codepage 65001).
D:\code\VSQtproject\StuInfoMgSys\StuInfoMgSys\CAddDlg.cpp(1,1): warning C4828: The file contains a character starting at offset 0x115b that is illegal in the current source character set (codepage 65001).
D:\code\VSQtproject\StuInfoMgSys\StuInfoMgSys\CAddDlg.cpp(1,1): warning C4828: The file contains a character starting at offset 0x1161 that is illegal in the current source character set (codepage 65001).
D:\code\VSQtproject\StuInfoMgSys\StuInfoMgSys\CAddDlg.cpp(1,1): warning C4828: The file contains a character starting at offset 0x1162 that is illegal in the current source character set (codepage 65001).
D:\code\VSQtproject\StuInfoMgSys\StuInfoMgSys\CAddDlg.cpp(1,1): warning C4828: The file contains a character starting at offset 0x1163 that is illegal in the current source character set (codepage 65001).
D:\code\VSQtproject\StuInfoMgSys\StuInfoMgSys\CAddDlg.cpp(1,1): warning C4828: The file contains a character starting at offset 0x1164 that is illegal in the current source character set (codepage 65001).
D:\code\VSQtproject\StuInfoMgSys\StuInfoMgSys\CAddDlg.cpp(1,1): warning C4828: The file contains a character starting at offset 0x1165 that is illegal in the current source character set (codepage 65001).
D:\code\VSQtproject\StuInfoMgSys\StuInfoMgSys\CAddDlg.cpp(1,1): warning C4828: The file contains a character starting at offset 0x1166 that is illegal in the current source character set (codepage 65001).
D:\code\VSQtproject\StuInfoMgSys\StuInfoMgSys\CAddDlg.cpp(1,1): warning C4828: The file contains a character starting at offset 0x116a that is illegal in the current source character set (codepage 65001).
D:\code\VSQtproject\StuInfoMgSys\StuInfoMgSys\CAddDlg.cpp(1,1): warning C4828: The file contains a character starting at offset 0x116b that is illegal in the current source character set (codepage 65001).
D:\code\VSQtproject\StuInfoMgSys\StuInfoMgSys\CAddDlg.cpp(1,1): warning C4828: The file contains a character starting at offset 0x116c that is illegal in the current source character set (codepage 65001).
D:\code\VSQtproject\StuInfoMgSys\StuInfoMgSys\CAddDlg.cpp(1,1): warning C4828: The file contains a character starting at offset 0x116f that is illegal in the current source character set (codepage 65001).
D:\code\VSQtproject\StuInfoMgSys\StuInfoMgSys\CAddDlg.cpp(1,1): warning C4828: The file contains a character starting at offset 0x1170 that is illegal in the current source character set (codepage 65001).
D:\code\VSQtproject\StuInfoMgSys\StuInfoMgSys\CAddDlg.cpp(1,1): warning C4828: The file contains a character starting at offset 0x1171 that is illegal in the current source character set (codepage 65001).
D:\code\VSQtproject\StuInfoMgSys\StuInfoMgSys\CAddDlg.cpp(1,1): warning C4828: The file contains a character starting at offset 0x1172 that is illegal in the current source character set (codepage 65001).
D:\code\VSQtproject\StuInfoMgSys\StuInfoMgSys\CAddDlg.cpp(1,1): warning C4828: The file contains a character starting at offset 0x1174 that is illegal in the current source character set (codepage 65001).
D:\code\VSQtproject\StuInfoMgSys\StuInfoMgSys\CAddDlg.cpp(1,1): warning C4828: The file contains a character starting at offset 0x1187 that is illegal in the current source character set (codepage 65001).
D:\code\VSQtproject\StuInfoMgSys\StuInfoMgSys\CAddDlg.cpp(1,1): warning C4828: The file contains a character starting at offset 0x1188 that is illegal in the current source character set (codepage 65001).
D:\code\VSQtproject\StuInfoMgSys\StuInfoMgSys\CAddDlg.cpp(1,1): warning C4828: The file contains a character starting at offset 0x118b that is illegal in the current source character set (codepage 65001).
D:\code\VSQtproject\StuInfoMgSys\StuInfoMgSys\CAddDlg.cpp(1,1): warning C4828: The file contains a character starting at offset 0x118d that is illegal in the current source character set (codepage 65001).
D:\code\VSQtproject\StuInfoMgSys\StuInfoMgSys\CAddDlg.cpp(1,1): warning C4828: The file contains a character starting at offset 0x118e that is illegal in the current source character set (codepage 65001).
D:\code\VSQtproject\StuInfoMgSys\StuInfoMgSys\CAddDlg.cpp(1,1): warning C4828: The file contains a character starting at offset 0x119a that is illegal in the current source character set (codepage 65001).
D:\code\VSQtproject\StuInfoMgSys\StuInfoMgSys\CAddDlg.cpp(1,1): warning C4828: The file contains a character starting at offset 0x119b that is illegal in the current source character set (codepage 65001).
D:\code\VSQtproject\StuInfoMgSys\StuInfoMgSys\CAddDlg.cpp(1,1): warning C4828: The file contains a character starting at offset 0x119f that is illegal in the current source character set (codepage 65001).
D:\code\VSQtproject\StuInfoMgSys\StuInfoMgSys\CAddDlg.cpp(1,1): warning C4828: The file contains a character starting at offset 0x11a0 that is illegal in the current source character set (codepage 65001).
D:\code\VSQtproject\StuInfoMgSys\StuInfoMgSys\CAddDlg.cpp(1,1): warning C4828: The file contains a character starting at offset 0x11a4 that is illegal in the current source character set (codepage 65001).
D:\code\VSQtproject\StuInfoMgSys\StuInfoMgSys\CAddDlg.cpp(1,1): warning C4828: The file contains a character starting at offset 0x11a5 that is illegal in the current source character set (codepage 65001).
D:\code\VSQtproject\StuInfoMgSys\StuInfoMgSys\CAddDlg.cpp(1,1): warning C4828: The file contains a character starting at offset 0x11b5 that is illegal in the current source character set (codepage 65001).
D:\code\VSQtproject\StuInfoMgSys\StuInfoMgSys\CAddDlg.cpp(1,1): warning C4828: The file contains a character starting at offset 0x11b6 that is illegal in the current source character set (codepage 65001).
D:\code\VSQtproject\StuInfoMgSys\StuInfoMgSys\CAddDlg.cpp(1,1): warning C4828: The file contains a character starting at offset 0x11b9 that is illegal in the current source character set (codepage 65001).
D:\code\VSQtproject\StuInfoMgSys\StuInfoMgSys\CAddDlg.cpp(1,1): warning C4828: The file contains a character starting at offset 0x11be that is illegal in the current source character set (codepage 65001).
D:\code\VSQtproject\StuInfoMgSys\StuInfoMgSys\CAddDlg.cpp(1,1): warning C4828: The file contains a character starting at offset 0x11c1 that is illegal in the current source character set (codepage 65001).
D:\code\VSQtproject\StuInfoMgSys\StuInfoMgSys\CAddDlg.cpp(1,1): warning C4828: The file contains a character starting at offset 0x11c2 that is illegal in the current source character set (codepage 65001).
D:\code\VSQtproject\StuInfoMgSys\StuInfoMgSys\CAddDlg.cpp(1,1): warning C4828: The file contains a character starting at offset 0x1270 that is illegal in the current source character set (codepage 65001).
D:\code\VSQtproject\StuInfoMgSys\StuInfoMgSys\CAddDlg.cpp(1,1): warning C4828: The file contains a character starting at offset 0x1271 that is illegal in the current source character set (codepage 65001).
D:\code\VSQtproject\StuInfoMgSys\StuInfoMgSys\CAddDlg.cpp(1,1): warning C4828: The file contains a character starting at offset 0x1272 that is illegal in the current source character set (codepage 65001).
D:\code\VSQtproject\StuInfoMgSys\StuInfoMgSys\CAddDlg.cpp(1,1): warning C4828: The file contains a character starting at offset 0x1274 that is illegal in the current source character set (codepage 65001).
D:\code\VSQtproject\StuInfoMgSys\StuInfoMgSys\CAddDlg.cpp(1,1): warning C4828: The file contains a character starting at offset 0x1276 that is illegal in the current source character set (codepage 65001).
D:\code\VSQtproject\StuInfoMgSys\StuInfoMgSys\CAddDlg.cpp(1,1): warning C4828: The file contains a character starting at offset 0x127b that is illegal in the current source character set (codepage 65001).
D:\code\VSQtproject\StuInfoMgSys\StuInfoMgSys\CAddDlg.cpp(1,1): warning C4828: The file contains a character starting at offset 0x127f that is illegal in the current source character set (codepage 65001).
D:\code\VSQtproject\StuInfoMgSys\StuInfoMgSys\CAddDlg.cpp(1,1): warning C4828: The file contains a character starting at offset 0x1281 that is illegal in the current source character set (codepage 65001).
D:\code\VSQtproject\StuInfoMgSys\StuInfoMgSys\CAddDlg.cpp(1,1): warning C4828: The file contains a character starting at offset 0x1282 that is illegal in the current source character set (codepage 65001).
D:\code\VSQtproject\StuInfoMgSys\StuInfoMgSys\CAddDlg.cpp(1,1): warning C4828: The file contains a character starting at offset 0x1283 that is illegal in the current source character set (codepage 65001).
D:\code\VSQtproject\StuInfoMgSys\StuInfoMgSys\CAddDlg.cpp(1,1): warning C4828: The file contains a character starting at offset 0x1285 that is illegal in the current source character set (codepage 65001).
D:\code\VSQtproject\StuInfoMgSys\StuInfoMgSys\CAddDlg.cpp(1,1): warning C4828: The file contains a character starting at offset 0x1286 that is illegal in the current source character set (codepage 65001).
D:\code\VSQtproject\StuInfoMgSys\StuInfoMgSys\CAddDlg.cpp(1,1): warning C4828: The file contains a character starting at offset 0x1288 that is illegal in the current source character set (codepage 65001).
D:\code\VSQtproject\StuInfoMgSys\StuInfoMgSys\CAddDlg.cpp(1,1): warning C4828: The file contains a character starting at offset 0x128a that is illegal in the current source character set (codepage 65001).
D:\code\VSQtproject\StuInfoMgSys\StuInfoMgSys\CAddDlg.cpp(1,1): warning C4828: The file contains a character starting at offset 0x128b that is illegal in the current source character set (codepage 65001).
D:\code\VSQtproject\StuInfoMgSys\StuInfoMgSys\CAddDlg.cpp(1,1): warning C4828: The file contains a character starting at offset 0x139b that is illegal in the current source character set (codepage 65001).
D:\code\VSQtproject\StuInfoMgSys\StuInfoMgSys\CAddDlg.cpp(1,1): warning C4828: The file contains a character starting at offset 0x139c that is illegal in the current source character set (codepage 65001).
D:\code\VSQtproject\StuInfoMgSys\StuInfoMgSys\CAddDlg.cpp(1,1): warning C4828: The file contains a character starting at offset 0x139d that is illegal in the current source character set (codepage 65001).
D:\code\VSQtproject\StuInfoMgSys\StuInfoMgSys\CAddDlg.cpp(1,1): warning C4828: The file contains a character starting at offset 0x139f that is illegal in the current source character set (codepage 65001).
D:\code\VSQtproject\StuInfoMgSys\StuInfoMgSys\CAddDlg.cpp(1,1): warning C4828: The file contains a character starting at offset 0x13a0 that is illegal in the current source character set (codepage 65001).
D:\code\VSQtproject\StuInfoMgSys\StuInfoMgSys\CAddDlg.cpp(1,1): warning C4828: The file contains a character starting at offset 0x13a1 that is illegal in the current source character set (codepage 65001).
D:\code\VSQtproject\StuInfoMgSys\StuInfoMgSys\CAddDlg.cpp(1,1): warning C4828: The file contains a character starting at offset 0x13a3 that is illegal in the current source character set (codepage 65001).
D:\code\VSQtproject\StuInfoMgSys\StuInfoMgSys\CAddDlg.cpp(1,1): warning C4828: The file contains a character starting at offset 0x13a5 that is illegal in the current source character set (codepage 65001).
D:\code\VSQtproject\StuInfoMgSys\StuInfoMgSys\CAddDlg.cpp(1,1): warning C4828: The file contains a character starting at offset 0x13a6 that is illegal in the current source character set (codepage 65001).
D:\code\VSQtproject\StuInfoMgSys\StuInfoMgSys\CAddDlg.cpp(1,1): warning C4828: The file contains a character starting at offset 0x13a8 that is illegal in the current source character set (codepage 65001).
D:\code\VSQtproject\StuInfoMgSys\StuInfoMgSys\CAddDlg.cpp(1,1): warning C4828: The file contains a character starting at offset 0x13a9 that is illegal in the current source character set (codepage 65001).
D:\code\VSQtproject\StuInfoMgSys\StuInfoMgSys\CAddDlg.cpp(1,1): warning C4828: The file contains a character starting at offset 0x13aa that is illegal in the current source character set (codepage 65001).
D:\code\VSQtproject\StuInfoMgSys\StuInfoMgSys\CAddDlg.cpp(1,1): warning C4828: The file contains a character starting at offset 0x13ac that is illegal in the current source character set (codepage 65001).
D:\code\VSQtproject\StuInfoMgSys\StuInfoMgSys\CAddDlg.cpp(1,1): warning C4828: The file contains a character starting at offset 0x13f6 that is illegal in the current source character set (codepage 65001).
D:\code\VSQtproject\StuInfoMgSys\StuInfoMgSys\CAddDlg.cpp(1,1): warning C4828: The file contains a character starting at offset 0x13f7 that is illegal in the current source character set (codepage 65001).
D:\code\VSQtproject\StuInfoMgSys\StuInfoMgSys\CAddDlg.cpp(1,1): warning C4828: The file contains a character starting at offset 0x13f8 that is illegal in the current source character set (codepage 65001).
D:\code\VSQtproject\StuInfoMgSys\StuInfoMgSys\CAddDlg.cpp(1,1): warning C4828: The file contains a character starting at offset 0x13f9 that is illegal in the current source character set (codepage 65001).
D:\code\VSQtproject\StuInfoMgSys\StuInfoMgSys\CAddDlg.cpp(1,1): warning C4828: The file contains a character starting at offset 0x1400 that is illegal in the current source character set (codepage 65001).
D:\code\VSQtproject\StuInfoMgSys\StuInfoMgSys\CAddDlg.cpp(1,1): warning C4828: The file contains a character starting at offset 0x1401 that is illegal in the current source character set (codepage 65001).
D:\code\VSQtproject\StuInfoMgSys\StuInfoMgSys\CAddDlg.cpp(1,1): warning C4828: The file contains a character starting at offset 0x1402 that is illegal in the current source character set (codepage 65001).
D:\code\VSQtproject\StuInfoMgSys\StuInfoMgSys\CAddDlg.cpp(1,1): warning C4828: The file contains a character starting at offset 0x1406 that is illegal in the current source character set (codepage 65001).
D:\code\VSQtproject\StuInfoMgSys\StuInfoMgSys\CAddDlg.cpp(1,1): warning C4828: The file contains a character starting at offset 0x1407 that is illegal in the current source character set (codepage 65001).
D:\code\VSQtproject\StuInfoMgSys\StuInfoMgSys\CAddDlg.cpp(1,1): warning C4828: The file contains a character starting at offset 0x1474 that is illegal in the current source character set (codepage 65001).
D:\code\VSQtproject\StuInfoMgSys\StuInfoMgSys\CAddDlg.cpp(1,1): warning C4828: The file contains a character starting at offset 0x1478 that is illegal in the current source character set (codepage 65001).
D:\code\VSQtproject\StuInfoMgSys\StuInfoMgSys\CAddDlg.cpp(1,1): warning C4828: The file contains a character starting at offset 0x1479 that is illegal in the current source character set (codepage 65001).
D:\code\VSQtproject\StuInfoMgSys\StuInfoMgSys\CAddDlg.cpp(1,1): warning C4828: The file contains a character starting at offset 0x147a that is illegal in the current source character set (codepage 65001).
D:\code\VSQtproject\StuInfoMgSys\StuInfoMgSys\CAddDlg.cpp(1,1): warning C4828: The file contains a character starting at offset 0x147d that is illegal in the current source character set (codepage 65001).
D:\code\VSQtproject\StuInfoMgSys\StuInfoMgSys\CAddDlg.cpp(1,1): warning C4828: The file contains a character starting at offset 0x1480 that is illegal in the current source character set (codepage 65001).
D:\code\VSQtproject\StuInfoMgSys\StuInfoMgSys\CAddDlg.cpp(1,1): warning C4828: The file contains a character starting at offset 0x1481 that is illegal in the current source character set (codepage 65001).
D:\code\VSQtproject\StuInfoMgSys\StuInfoMgSys\CAddDlg.cpp(1,1): warning C4828: The file contains a character starting at offset 0x1487 that is illegal in the current source character set (codepage 65001).
D:\code\VSQtproject\StuInfoMgSys\StuInfoMgSys\CAddDlg.cpp(1,1): warning C4828: The file contains a character starting at offset 0x1488 that is illegal in the current source character set (codepage 65001).
D:\code\VSQtproject\StuInfoMgSys\StuInfoMgSys\CAddDlg.cpp(1,1): warning C4828: The file contains a character starting at offset 0x148a that is illegal in the current source character set (codepage 65001).
D:\code\VSQtproject\StuInfoMgSys\StuInfoMgSys\CAddDlg.cpp(1,1): warning C4828: The file contains a character starting at offset 0x148b that is illegal in the current source character set (codepage 65001).
D:\code\VSQtproject\StuInfoMgSys\StuInfoMgSys\CAddDlg.cpp(1,1): warning C4828: The file contains a character starting at offset 0x14a9 that is illegal in the current source character set (codepage 65001).
D:\code\VSQtproject\StuInfoMgSys\StuInfoMgSys\CAddDlg.cpp(1,1): warning C4828: The file contains a character starting at offset 0x14ab that is illegal in the current source character set (codepage 65001).
D:\code\VSQtproject\StuInfoMgSys\StuInfoMgSys\CAddDlg.cpp(1,1): warning C4828: The file contains a character starting at offset 0x14ac that is illegal in the current source character set (codepage 65001).
D:\code\VSQtproject\StuInfoMgSys\StuInfoMgSys\CAddDlg.cpp(1,1): warning C4828: The file contains a character starting at offset 0x14ad that is illegal in the current source character set (codepage 65001).
D:\code\VSQtproject\StuInfoMgSys\StuInfoMgSys\CAddDlg.cpp(1,1): warning C4828: The file contains a character starting at offset 0x14ae that is illegal in the current source character set (codepage 65001).
D:\code\VSQtproject\StuInfoMgSys\StuInfoMgSys\CAddDlg.cpp(1,1): warning C4828: The file contains a character starting at offset 0x14b2 that is illegal in the current source character set (codepage 65001).
D:\code\VSQtproject\StuInfoMgSys\StuInfoMgSys\CAddDlg.cpp(1,1): warning C4828: The file contains a character starting at offset 0x14b3 that is illegal in the current source character set (codepage 65001).
D:\code\VSQtproject\StuInfoMgSys\StuInfoMgSys\CAddDlg.cpp(1,1): warning C4828: The file contains a character starting at offset 0x14b4 that is illegal in the current source character set (codepage 65001).
D:\code\VSQtproject\StuInfoMgSys\StuInfoMgSys\CAddDlg.cpp(1,1): warning C4828: The file contains a character starting at offset 0x14d5 that is illegal in the current source character set (codepage 65001).
D:\code\VSQtproject\StuInfoMgSys\StuInfoMgSys\CAddDlg.cpp(1,1): warning C4828: The file contains a character starting at offset 0x14d6 that is illegal in the current source character set (codepage 65001).
D:\code\VSQtproject\StuInfoMgSys\StuInfoMgSys\CAddDlg.cpp(1,1): warning C4828: The file contains a character starting at offset 0x14d7 that is illegal in the current source character set (codepage 65001).
D:\code\VSQtproject\StuInfoMgSys\StuInfoMgSys\CAddDlg.cpp(1,1): warning C4828: The file contains a character starting at offset 0x14d8 that is illegal in the current source character set (codepage 65001).
D:\code\VSQtproject\StuInfoMgSys\StuInfoMgSys\CAddDlg.cpp(1,1): warning C4828: The file contains a character starting at offset 0x14dd that is illegal in the current source character set (codepage 65001).
D:\code\VSQtproject\StuInfoMgSys\StuInfoMgSys\CAddDlg.cpp(1,1): warning C4828: The file contains a character starting at offset 0x14df that is illegal in the current source character set (codepage 65001).
D:\code\VSQtproject\StuInfoMgSys\StuInfoMgSys\CAddDlg.cpp(1,1): warning C4828: The file contains a character starting at offset 0x14e0 that is illegal in the current source character set (codepage 65001).
D:\code\VSQtproject\StuInfoMgSys\StuInfoMgSys\CAddDlg.cpp(1,1): warning C4828: The file contains a character starting at offset 0x14e1 that is illegal in the current source character set (codepage 65001).
D:\code\VSQtproject\StuInfoMgSys\StuInfoMgSys\CAddDlg.cpp(1,1): warning C4828: The file contains a character starting at offset 0x14e2 that is illegal in the current source character set (codepage 65001).
D:\code\VSQtproject\StuInfoMgSys\StuInfoMgSys\CAddDlg.cpp(1,1): warning C4828: The file contains a character starting at offset 0x14e6 that is illegal in the current source character set (codepage 65001).
D:\code\VSQtproject\StuInfoMgSys\StuInfoMgSys\CAddDlg.cpp(1,1): warning C4828: The file contains a character starting at offset 0x14e7 that is illegal in the current source character set (codepage 65001).
D:\code\VSQtproject\StuInfoMgSys\StuInfoMgSys\CAddDlg.cpp(1,1): warning C4828: The file contains a character starting at offset 0x14e8 that is illegal in the current source character set (codepage 65001).
D:\code\VSQtproject\StuInfoMgSys\StuInfoMgSys\CAddDlg.cpp(1,1): warning C4828: The file contains a character starting at offset 0x151f that is illegal in the current source character set (codepage 65001).
D:\code\VSQtproject\StuInfoMgSys\StuInfoMgSys\CAddDlg.cpp(1,1): warning C4828: The file contains a character starting at offset 0x1525 that is illegal in the current source character set (codepage 65001).
D:\code\VSQtproject\StuInfoMgSys\StuInfoMgSys\CAddDlg.cpp(1,1): warning C4828: The file contains a character starting at offset 0x152b that is illegal in the current source character set (codepage 65001).
D:\code\VSQtproject\StuInfoMgSys\StuInfoMgSys\CAddDlg.cpp(1,1): warning C4828: The file contains a character starting at offset 0x152d that is illegal in the current source character set (codepage 65001).
D:\code\VSQtproject\StuInfoMgSys\StuInfoMgSys\CAddDlg.cpp(1,1): warning C4828: The file contains a character starting at offset 0x152e that is illegal in the current source character set (codepage 65001).
D:\code\VSQtproject\StuInfoMgSys\StuInfoMgSys\CAddDlg.cpp(1,1): warning C4828: The file contains a character starting at offset 0x152f that is illegal in the current source character set (codepage 65001).
D:\code\VSQtproject\StuInfoMgSys\StuInfoMgSys\CAddDlg.cpp(1,1): warning C4828: The file contains a character starting at offset 0x1530 that is illegal in the current source character set (codepage 65001).
D:\code\VSQtproject\StuInfoMgSys\StuInfoMgSys\CAddDlg.cpp(1,1): warning C4828: The file contains a character starting at offset 0x155e that is illegal in the current source character set (codepage 65001).
D:\code\VSQtproject\StuInfoMgSys\StuInfoMgSys\CAddDlg.cpp(1,1): warning C4828: The file contains a character starting at offset 0x1560 that is illegal in the current source character set (codepage 65001).
D:\code\VSQtproject\StuInfoMgSys\StuInfoMgSys\CAddDlg.cpp(1,1): warning C4828: The file contains a character starting at offset 0x1561 that is illegal in the current source character set (codepage 65001).
D:\code\VSQtproject\StuInfoMgSys\StuInfoMgSys\CAddDlg.cpp(1,1): warning C4828: The file contains a character starting at offset 0x1563 that is illegal in the current source character set (codepage 65001).
D:\code\VSQtproject\StuInfoMgSys\StuInfoMgSys\CAddDlg.cpp(1,1): warning C4828: The file contains a character starting at offset 0x1573 that is illegal in the current source character set (codepage 65001).
D:\code\VSQtproject\StuInfoMgSys\StuInfoMgSys\CAddDlg.cpp(1,1): warning C4828: The file contains a character starting at offset 0x1574 that is illegal in the current source character set (codepage 65001).
D:\code\VSQtproject\StuInfoMgSys\StuInfoMgSys\CAddDlg.cpp(1,1): warning C4828: The file contains a character starting at offset 0x157c that is illegal in the current source character set (codepage 65001).
D:\code\VSQtproject\StuInfoMgSys\StuInfoMgSys\CAddDlg.cpp(1,1): warning C4828: The file contains a character starting at offset 0x157e that is illegal in the current source character set (codepage 65001).
D:\code\VSQtproject\StuInfoMgSys\StuInfoMgSys\CAddDlg.cpp(1,1): warning C4828: The file contains a character starting at offset 0x159c that is illegal in the current source character set (codepage 65001).
D:\code\VSQtproject\StuInfoMgSys\StuInfoMgSys\CAddDlg.cpp(1,1): warning C4828: The file contains a character starting at offset 0x159d that is illegal in the current source character set (codepage 65001).
D:\code\VSQtproject\StuInfoMgSys\StuInfoMgSys\CAddDlg.cpp(1,1): warning C4828: The file contains a character starting at offset 0x159e that is illegal in the current source character set (codepage 65001).
D:\code\VSQtproject\StuInfoMgSys\StuInfoMgSys\CAddDlg.cpp(1,1): warning C4828: The file contains a character starting at offset 0x159f that is illegal in the current source character set (codepage 65001).
D:\code\VSQtproject\StuInfoMgSys\StuInfoMgSys\CAddDlg.cpp(1,1): warning C4828: The file contains a character starting at offset 0x15a0 that is illegal in the current source character set (codepage 65001).
D:\code\VSQtproject\StuInfoMgSys\StuInfoMgSys\CAddDlg.cpp(1,1): warning C4828: The file contains a character starting at offset 0x15a2 that is illegal in the current source character set (codepage 65001).
D:\code\VSQtproject\StuInfoMgSys\StuInfoMgSys\CAddDlg.cpp(1,1): warning C4828: The file contains a character starting at offset 0x15a3 that is illegal in the current source character set (codepage 65001).
D:\code\VSQtproject\StuInfoMgSys\StuInfoMgSys\CAddDlg.cpp(1,1): warning C4828: The file contains a character starting at offset 0x15a4 that is illegal in the current source character set (codepage 65001).
D:\code\VSQtproject\StuInfoMgSys\StuInfoMgSys\CAddDlg.cpp(1,1): warning C4828: The file contains a character starting at offset 0x15a5 that is illegal in the current source character set (codepage 65001).
D:\code\VSQtproject\StuInfoMgSys\StuInfoMgSys\CAddDlg.cpp(1,1): warning C4828: The file contains a character starting at offset 0x1691 that is illegal in the current source character set (codepage 65001).
D:\code\VSQtproject\StuInfoMgSys\StuInfoMgSys\CAddDlg.cpp(1,1): warning C4828: The file contains a character starting at offset 0x1692 that is illegal in the current source character set (codepage 65001).
D:\code\VSQtproject\StuInfoMgSys\StuInfoMgSys\CAddDlg.cpp(1,1): warning C4828: The file contains a character starting at offset 0x1696 that is illegal in the current source character set (codepage 65001).
D:\code\VSQtproject\StuInfoMgSys\StuInfoMgSys\CAddDlg.cpp(1,1): warning C4828: The file contains a character starting at offset 0x1699 that is illegal in the current source character set (codepage 65001).
D:\code\VSQtproject\StuInfoMgSys\StuInfoMgSys\CAddDlg.cpp(1,1): warning C4828: The file contains a character starting at offset 0x169a that is illegal in the current source character set (codepage 65001).
D:\code\VSQtproject\StuInfoMgSys\StuInfoMgSys\CAddDlg.cpp(1,1): warning C4828: The file contains a character starting at offset 0x169b that is illegal in the current source character set (codepage 65001).
D:\code\VSQtproject\StuInfoMgSys\StuInfoMgSys\CAddDlg.cpp(1,1): warning C4828: The file contains a character starting at offset 0x169c that is illegal in the current source character set (codepage 65001).
D:\code\VSQtproject\StuInfoMgSys\StuInfoMgSys\CAddDlg.cpp(1,1): warning C4828: The file contains a character starting at offset 0x169d that is illegal in the current source character set (codepage 65001).
D:\code\VSQtproject\StuInfoMgSys\StuInfoMgSys\CAddDlg.cpp(1,1): warning C4828: The file contains a character starting at offset 0x16a0 that is illegal in the current source character set (codepage 65001).
D:\code\VSQtproject\StuInfoMgSys\StuInfoMgSys\CAddDlg.cpp(1,1): warning C4828: The file contains a character starting at offset 0x16a1 that is illegal in the current source character set (codepage 65001).
D:\code\VSQtproject\StuInfoMgSys\StuInfoMgSys\CAddDlg.cpp(1,1): warning C4828: The file contains a character starting at offset 0x16a3 that is illegal in the current source character set (codepage 65001).
D:\code\VSQtproject\StuInfoMgSys\StuInfoMgSys\CAddDlg.cpp(1,1): warning C4828: The file contains a character starting at offset 0x16a4 that is illegal in the current source character set (codepage 65001).
D:\code\VSQtproject\StuInfoMgSys\StuInfoMgSys\CAddDlg.cpp(1,1): warning C4828: The file contains a character starting at offset 0x16a5 that is illegal in the current source character set (codepage 65001).
D:\code\VSQtproject\StuInfoMgSys\StuInfoMgSys\CAddDlg.cpp(1,1): warning C4828: The file contains a character starting at offset 0x16a9 that is illegal in the current source character set (codepage 65001).
D:\code\VSQtproject\StuInfoMgSys\StuInfoMgSys\CAddDlg.cpp(1,1): warning C4828: The file contains a character starting at offset 0x16aa that is illegal in the current source character set (codepage 65001).
D:\code\VSQtproject\StuInfoMgSys\StuInfoMgSys\CAddDlg.cpp(1,1): warning C4828: The file contains a character starting at offset 0x16ab that is illegal in the current source character set (codepage 65001).
D:\code\VSQtproject\StuInfoMgSys\StuInfoMgSys\CAddDlg.cpp(1,1): warning C4828: The file contains a character starting at offset 0x16ac that is illegal in the current source character set (codepage 65001).
D:\code\VSQtproject\StuInfoMgSys\StuInfoMgSys\CAddDlg.cpp(1,1): warning C4828: The file contains a character starting at offset 0x16af that is illegal in the current source character set (codepage 65001).
D:\code\VSQtproject\StuInfoMgSys\StuInfoMgSys\CAddDlg.cpp(1,1): warning C4828: The file contains a character starting at offset 0x16b0 that is illegal in the current source character set (codepage 65001).
D:\code\VSQtproject\StuInfoMgSys\StuInfoMgSys\CAddDlg.cpp(1,1): warning C4828: The file contains a character starting at offset 0x16bc that is illegal in the current source character set (codepage 65001).
D:\code\VSQtproject\StuInfoMgSys\StuInfoMgSys\CAddDlg.cpp(1,1): warning C4828: The file contains a character starting at offset 0x16bd that is illegal in the current source character set (codepage 65001).
D:\code\VSQtproject\StuInfoMgSys\StuInfoMgSys\CAddDlg.cpp(1,1): warning C4828: The file contains a character starting at offset 0x16c3 that is illegal in the current source character set (codepage 65001).
D:\code\VSQtproject\StuInfoMgSys\StuInfoMgSys\CAddDlg.cpp(1,1): warning C4828: The file contains a character starting at offset 0x16c4 that is illegal in the current source character set (codepage 65001).
D:\code\VSQtproject\StuInfoMgSys\StuInfoMgSys\CAddDlg.cpp(1,1): warning C4828: The file contains a character starting at offset 0x16c6 that is illegal in the current source character set (codepage 65001).
D:\code\VSQtproject\StuInfoMgSys\StuInfoMgSys\CAddDlg.cpp(1,1): warning C4828: The file contains a character starting at offset 0x16c7 that is illegal in the current source character set (codepage 65001).
D:\code\VSQtproject\StuInfoMgSys\StuInfoMgSys\CAddDlg.cpp(1,1): warning C4828: The file contains a character starting at offset 0x16c9 that is illegal in the current source character set (codepage 65001).
D:\code\VSQtproject\StuInfoMgSys\StuInfoMgSys\CAddDlg.cpp(1,1): warning C4828: The file contains a character starting at offset 0x16fe that is illegal in the current source character set (codepage 65001).
D:\code\VSQtproject\StuInfoMgSys\StuInfoMgSys\CAddDlg.cpp(1,1): warning C4828: The file contains a character starting at offset 0x1700 that is illegal in the current source character set (codepage 65001).
D:\code\VSQtproject\StuInfoMgSys\StuInfoMgSys\CAddDlg.cpp(1,1): warning C4828: The file contains a character starting at offset 0x1701 that is illegal in the current source character set (codepage 65001).
D:\code\VSQtproject\StuInfoMgSys\StuInfoMgSys\CAddDlg.cpp(1,1): warning C4828: The file contains a character starting at offset 0x1705 that is illegal in the current source character set (codepage 65001).
D:\code\VSQtproject\StuInfoMgSys\StuInfoMgSys\CAddDlg.cpp(1,1): warning C4828: The file contains a character starting at offset 0x1709 that is illegal in the current source character set (codepage 65001).
D:\code\VSQtproject\StuInfoMgSys\StuInfoMgSys\CAddDlg.cpp(1,1): warning C4828: The file contains a character starting at offset 0x170b that is illegal in the current source character set (codepage 65001).
D:\code\VSQtproject\StuInfoMgSys\StuInfoMgSys\CAddDlg.cpp(1,1): warning C4828: The file contains a character starting at offset 0x170d that is illegal in the current source character set (codepage 65001).
D:\code\VSQtproject\StuInfoMgSys\StuInfoMgSys\CAddDlg.cpp(1,1): warning C4828: The file contains a character starting at offset 0x170e that is illegal in the current source character set (codepage 65001).
D:\code\VSQtproject\StuInfoMgSys\StuInfoMgSys\CAddDlg.cpp(1,1): warning C4828: The file contains a character starting at offset 0x170f that is illegal in the current source character set (codepage 65001).
  StuInfoMgSys.vcxproj -> D:\code\VSQtproject\StuInfoMgSys\x64\Debug\StuInfoMgSys.exe
